<?xml version="1.0" encoding="UTF-8"?>
<testsuite name="com.practicalunittesting.chp03.money.MoneyManyValuesTest" tests="1" skipped="0" failures="0" errors="0" timestamp="2025-03-31T14:44:12" hostname="DESKTOP-33OUKHV" time="0.004">
  <properties/>
  <testcase name="testConstructor()" classname="com.practicalunittesting.chp03.money.MoneyManyValuesTest" time="0.004"/>
  <system-out><![CDATA[]]></system-out>
  <system-err><![CDATA[]]></system-err>
</testsuite>
