<?xml version="1.0" encoding="UTF-8"?>
<testsuite name="com.practicalunittesting.chp03.money.MoneyParameterizedTest" tests="2" skipped="0" failures="0" errors="0" timestamp="2025-03-31T14:44:12" hostname="DESKTOP-33OUKHV" time="0.005">
  <properties/>
  <testcase name="[1] 10, USD" classname="com.practicalunittesting.chp03.money.MoneyParameterizedTest" time="0.003"/>
  <testcase name="[2] 20, EUR" classname="com.practicalunittesting.chp03.money.MoneyParameterizedTest" time="0.001"/>
  <system-out><![CDATA[]]></system-out>
  <system-err><![CDATA[]]></system-err>
</testsuite>
